Release 14.7 - xst P.20131013 (nt64)
Copyright (c) 1995-2013 Xilinx, Inc.  All rights reserved.
--> Parameter TMPDIR set to xst/projnav.tmp


Total REAL time to Xst completion: 0.00 secs
Total CPU time to Xst completion: 0.10 secs
 
--> Parameter xsthdpdir set to xst


Total REAL time to Xst completion: 0.00 secs
Total CPU time to Xst completion: 0.10 secs
 
--> Reading design: reciever.prj

TABLE OF CONTENTS
  1) Synthesis Options Summary
  2) HDL Compilation
  3) Design Hierarchy Analysis
  4) HDL Analysis
  5) HDL Synthesis
     5.1) HDL Synthesis Report
  6) Advanced HDL Synthesis
     6.1) Advanced HDL Synthesis Report
  7) Low Level Synthesis
  8) Partition Report
  9) Final Report
	9.1) Device utilization summary
	9.2) Partition Resource Summary
	9.3) TIMING REPORT


=========================================================================
*                      Synthesis Options Summary                        *
=========================================================================
---- Source Parameters
Input File Name                    : "reciever.prj"
Input Format                       : mixed
Ignore Synthesis Constraint File   : NO

---- Target Parameters
Output File Name                   : "reciever"
Output Format                      : NGC
Target Device                      : xc3s200-5-pq208

---- Source Options
Top Module Name                    : reciever
Automatic FSM Extraction           : YES
FSM Encoding Algorithm             : Auto
Safe Implementation                : No
FSM Style                          : LUT
RAM Extraction                     : Yes
RAM Style                          : Auto
ROM Extraction                     : Yes
Mux Style                          : Auto
Decoder Extraction                 : YES
Priority Encoder Extraction        : Yes
Shift Register Extraction          : YES
Logical Shifter Extraction         : YES
XOR Collapsing                     : YES
ROM Style                          : Auto
Mux Extraction                     : Yes
Resource Sharing                   : YES
Asynchronous To Synchronous        : NO
Multiplier Style                   : Auto
Automatic Register Balancing       : No

---- Target Options
Add IO Buffers                     : YES
Global Maximum Fanout              : 100000
Add Generic Clock Buffer(BUFG)     : 8
Register Duplication               : YES
Slice Packing                      : YES
Optimize Instantiated Primitives   : NO
Use Clock Enable                   : Yes
Use Synchronous Set                : Yes
Use Synchronous Reset              : Yes
Pack IO Registers into IOBs        : Auto
Equivalent register Removal        : YES

---- General Options
Optimization Goal                  : Speed
Optimization Effort                : 1
Keep Hierarchy                     : No
Netlist Hierarchy                  : As_Optimized
RTL Output                         : Yes
Global Optimization                : AllClockNets
Read Cores                         : YES
Write Timing Constraints           : NO
Cross Clock Analysis               : NO
Hierarchy Separator                : /
Bus Delimiter                      : <>
Case Specifier                     : Maintain
Slice Utilization Ratio            : 100
BRAM Utilization Ratio             : 100
Verilog 2001                       : YES
Auto BRAM Packing                  : NO
Slice Utilization Ratio Delta      : 5

=========================================================================


=========================================================================
*                          HDL Compilation                              *
=========================================================================
Compiling verilog file "reciever.v" in library work
Module <reciever> compiled
Module <sipo_8bit> compiled
Module <parity_checker> compiled
Module <stop_checker> compiled
Module <fsm_reciever> compiled
No errors in compilation
Analysis of file <"reciever.prj"> succeeded.
 

=========================================================================
*                     Design Hierarchy Analysis                         *
=========================================================================
Analyzing hierarchy for module <reciever> in library <work>.

Analyzing hierarchy for module <fsm_reciever> in library <work> with parameters.
	DATA = "01"
	IDLE = "00"
	PARITY = "10"
	STOP = "11"

Analyzing hierarchy for module <sipo_8bit> in library <work>.

Analyzing hierarchy for module <parity_checker> in library <work>.

Analyzing hierarchy for module <stop_checker> in library <work>.


=========================================================================
*                            HDL Analysis                               *
=========================================================================
Analyzing top module <reciever>.
Module <reciever> is correct for synthesis.
 
Analyzing module <fsm_reciever> in library <work>.
	DATA = 2'b01
	IDLE = 2'b00
	PARITY = 2'b10
	STOP = 2'b11
Module <fsm_reciever> is correct for synthesis.
 
Analyzing module <sipo_8bit> in library <work>.
Module <sipo_8bit> is correct for synthesis.
 
Analyzing module <parity_checker> in library <work>.
Module <parity_checker> is correct for synthesis.
 
Analyzing module <stop_checker> in library <work>.
WARNING:Xst:905 - "reciever.v" line 79: One or more signals are missing in the sensitivity list of always block. To enable synthesis of FPGA/CPLD hardware, XST will assume that all necessary signals are present in the sensitivity list. Please note that the result of the synthesis may differ from the initial design specification. The missing signals are:
   <serial_in>
Module <stop_checker> is correct for synthesis.
 

=========================================================================
*                           HDL Synthesis                               *
=========================================================================

Performing bidirectional port resolution...

Synthesizing Unit <fsm_reciever>.
    Related source file is "reciever.v".
INFO:Xst:2117 - HDL ADVISOR - Mux Selector <state> of Case statement line 107 was re-encoded using one-hot encoding. The case statement will be optimized (default statement optimization), but this optimization may lead to design initialization problems. To ensure the design works safely, you can:
   	- add an 'INIT' attribute on signal <state> (optimization is then done without any risk)
   	- use the attribute 'signal_encoding user' to avoid onehot optimization
   	- use the attribute 'safe_implementation yes' to force XST to perform a safe (but less efficient) optimization
    Using one-hot encoding for signal <state>.
    Using one-hot encoding for signal <next>.
    Found 1-bit register for signal <shift>.
    Found 1-bit register for signal <check_stop>.
    Found 1-bit register for signal <parity_load>.
    Found 4-bit register for signal <count>.
    Found 4-bit adder for signal <count$addsub0000> created at line 119.
    Found 4-bit register for signal <next>.
    Found 4-bit comparator less for signal <next$cmp_lt0000> created at line 117.
    Found 4-bit register for signal <state>.
    Summary:
	inferred  15 D-type flip-flop(s).
	inferred   1 Adder/Subtractor(s).
	inferred   1 Comparator(s).
Unit <fsm_reciever> synthesized.


Synthesizing Unit <sipo_8bit>.
    Related source file is "reciever.v".
    Found 8-bit register for signal <temp>.
    Summary:
	inferred   8 D-type flip-flop(s).
Unit <sipo_8bit> synthesized.


Synthesizing Unit <parity_checker>.
    Related source file is "reciever.v".
    Found 8-bit xor2 for signal <w>.
Unit <parity_checker> synthesized.


Synthesizing Unit <stop_checker>.
    Related source file is "reciever.v".
WARNING:Xst:737 - Found 1-bit latch for signal <stop_error>. Latches may be generated from incomplete case or if statements. We do not recommend the use of latches in FPGA/CPLD designs, as they may lead to timing problems.
Unit <stop_checker> synthesized.


Synthesizing Unit <reciever>.
    Related source file is "reciever.v".
Unit <reciever> synthesized.


=========================================================================
HDL Synthesis Report

Macro Statistics
# Adders/Subtractors                                   : 1
 4-bit adder                                           : 1
# Registers                                            : 7
 1-bit register                                        : 3
 4-bit register                                        : 3
 8-bit register                                        : 1
# Latches                                              : 1
 1-bit latch                                           : 1
# Comparators                                          : 1
 4-bit comparator less                                 : 1
# Xors                                                 : 8
 1-bit xor2                                            : 8

=========================================================================

=========================================================================
*                       Advanced HDL Synthesis                          *
=========================================================================


=========================================================================
Advanced HDL Synthesis Report

Macro Statistics
# Adders/Subtractors                                   : 1
 4-bit adder                                           : 1
# Registers                                            : 23
 Flip-Flops                                            : 23
# Latches                                              : 1
 1-bit latch                                           : 1
# Comparators                                          : 1
 4-bit comparator less                                 : 1
# Xors                                                 : 8
 1-bit xor2                                            : 8

=========================================================================

=========================================================================
*                         Low Level Synthesis                           *
=========================================================================

Optimizing unit <reciever> ...
WARNING:Xst:1710 - FF/Latch <fsm1/count_3> (without init value) has a constant value of 0 in block <reciever>. This FF/Latch will be trimmed during the optimization process.
WARNING:Xst:1710 - FF/Latch <fsm1/count_3> (without init value) has a constant value of 0 in block <reciever>. This FF/Latch will be trimmed during the optimization process.
WARNING:Xst:1710 - FF/Latch <fsm1/count_3> (without init value) has a constant value of 0 in block <reciever>. This FF/Latch will be trimmed during the optimization process.
WARNING:Xst:1710 - FF/Latch <fsm1/count_3> (without init value) has a constant value of 0 in block <reciever>. This FF/Latch will be trimmed during the optimization process.

Optimizing unit <sipo_8bit> ...

Mapping all equations...
Building and optimizing final netlist ...
Found area constraint ratio of 100 (+ 5) on block reciever, actual ratio is 0.

Final Macro Processing ...

=========================================================================
Final Register Report

Macro Statistics
# Registers                                            : 22
 Flip-Flops                                            : 22

=========================================================================

=========================================================================
*                           Partition Report                            *
=========================================================================

Partition Implementation Status
-------------------------------

  No Partitions were found in this design.

-------------------------------

=========================================================================
*                            Final Report                               *
=========================================================================
Final Results
RTL Top Level Output File Name     : reciever.ngr
Top Level Output File Name         : reciever
Output Format                      : NGC
Optimization Goal                  : Speed
Keep Hierarchy                     : No

Design Statistics
# IOs                              : 12

Cell Usage :
# BELS                             : 25
#      INV                         : 1
#      LUT2                        : 2
#      LUT2_D                      : 1
#      LUT3                        : 5
#      LUT3_L                      : 2
#      LUT4                        : 11
#      LUT4_L                      : 2
#      MUXF5                       : 1
# FlipFlops/Latches                : 23
#      FD                          : 9
#      FDE                         : 8
#      FDS                         : 5
#      LD                          : 1
# Clock Buffers                    : 1
#      BUFGP                       : 1
# IO Buffers                       : 11
#      IBUF                        : 1
#      OBUF                        : 10
=========================================================================

Device utilization summary:
---------------------------

Selected Device : 3s200pq208-5 

 Number of Slices:                       15  out of   1920     0%  
 Number of Slice Flip Flops:             22  out of   3840     0%  
 Number of 4 input LUTs:                 24  out of   3840     0%  
 Number of IOs:                          12
 Number of bonded IOBs:                  12  out of    141     8%  
    IOB Flip Flops:                       1
 Number of GCLKs:                         1  out of      8    12%  

---------------------------
Partition Resource Summary:
---------------------------

  No Partitions were found in this design.

---------------------------


=========================================================================
TIMING REPORT

NOTE: THESE TIMING NUMBERS ARE ONLY A SYNTHESIS ESTIMATE.
      FOR ACCURATE TIMING INFORMATION PLEASE REFER TO THE TRACE REPORT
      GENERATED AFTER PLACE-and-ROUTE.

Clock Information:
------------------
-----------------------------------+------------------------+-------+
Clock Signal                       | Clock buffer(FF name)  | Load  |
-----------------------------------+------------------------+-------+
fsm1/check_stop                    | NONE(s1/stop_error)    | 1     |
clk                                | BUFGP                  | 22    |
-----------------------------------+------------------------+-------+
INFO:Xst:2169 - HDL ADVISOR - Some clock signals were not automatically buffered by XST with BUFG/BUFR resources. Please use the buffer_type constraint in order to insert these buffers to the clock signals to help prevent skew problems.

Asynchronous Control Signals Information:
----------------------------------------
No asynchronous control signals found in this design

Timing Summary:
---------------
Speed Grade: -5

   Minimum period: 3.825ns (Maximum Frequency: 261.411MHz)
   Minimum input arrival time before clock: 3.945ns
   Maximum output required time after clock: 9.044ns
   Maximum combinational path delay: 7.904ns

Timing Detail:
--------------
All values displayed in nanoseconds (ns)

=========================================================================
Timing constraint: Default period analysis for Clock 'clk'
  Clock period: 3.825ns (frequency: 261.411MHz)
  Total number of paths / destination ports: 86 / 34
-------------------------------------------------------------------------
Delay:               3.825ns (Levels of Logic = 1)
  Source:            fsm1/count_0 (FF)
  Destination:       fsm1/count_1 (FF)
  Source Clock:      clk rising
  Destination Clock: clk rising

  Data Path: fsm1/count_0 to fsm1/count_1
                                Gate     Net
    Cell:in->out      fanout   Delay   Delay  Logical Name (Net Name)
    ----------------------------------------  ------------
     FD:C->Q               6   0.626   1.148  fsm1/count_0 (fsm1/count_0)
     LUT3:I0->O            1   0.479   0.681  fsm1/count_mux0000<2>36 (fsm1/count_mux0000<2>36)
     FDS:S                     0.892          fsm1/count_1
    ----------------------------------------
    Total                      3.825ns (1.997ns logic, 1.828ns route)
                                       (52.2% logic, 47.8% route)

=========================================================================
Timing constraint: Default OFFSET IN BEFORE for Clock 'fsm1/check_stop'
  Total number of paths / destination ports: 1 / 1
-------------------------------------------------------------------------
Offset:              3.001ns (Levels of Logic = 2)
  Source:            serial_in (PAD)
  Destination:       s1/stop_error (LATCH)
  Destination Clock: fsm1/check_stop falling

  Data Path: serial_in to s1/stop_error
                                Gate     Net
    Cell:in->out      fanout   Delay   Delay  Logical Name (Net Name)
    ----------------------------------------  ------------
     IBUF:I->O            12   0.715   0.950  serial_in_IBUF (serial_in_IBUF)
     INV:I->O              1   0.479   0.681  s1/stop_error_mux00001_INV_0 (s1/stop_error_mux0000)
     LD:D                      0.176          s1/stop_error
    ----------------------------------------
    Total                      3.001ns (1.370ns logic, 1.631ns route)
                                       (45.6% logic, 54.4% route)

=========================================================================
Timing constraint: Default OFFSET IN BEFORE for Clock 'clk'
  Total number of paths / destination ports: 11 / 7
-------------------------------------------------------------------------
Offset:              3.945ns (Levels of Logic = 3)
  Source:            serial_in (PAD)
  Destination:       fsm1/next_3 (FF)
  Destination Clock: clk rising

  Data Path: serial_in to fsm1/next_3
                                Gate     Net
    Cell:in->out      fanout   Delay   Delay  Logical Name (Net Name)
    ----------------------------------------  ------------
     IBUF:I->O            12   0.715   1.245  serial_in_IBUF (serial_in_IBUF)
     LUT4:I0->O            1   0.479   0.851  fsm1/next_mux0000<3>1_SW0 (N8)
     LUT4:I1->O            1   0.479   0.000  fsm1/next_mux0000<3>11 (fsm1/next_mux0000<3>1)
     FDS:D                     0.176          fsm1/next_0
    ----------------------------------------
    Total                      3.945ns (1.849ns logic, 2.096ns route)
                                       (46.9% logic, 53.1% route)

=========================================================================
Timing constraint: Default OFFSET OUT AFTER for Clock 'clk'
  Total number of paths / destination ports: 17 / 9
-------------------------------------------------------------------------
Offset:              9.044ns (Levels of Logic = 3)
  Source:            sipo1/temp_7 (FF)
  Destination:       parity_error (PAD)
  Source Clock:      clk rising

  Data Path: sipo1/temp_7 to parity_error
                                Gate     Net
    Cell:in->out      fanout   Delay   Delay  Logical Name (Net Name)
    ----------------------------------------  ------------
     FDE:C->Q              2   0.626   1.040  sipo1/temp_7 (sipo1/temp_7)
     LUT4:I0->O            3   0.479   0.830  fsm1/next_mux0000<0>312 (fsm1/next_mux0000<0>312)
     LUT4:I2->O            1   0.479   0.681  parity_error1 (parity_error_OBUF)
     OBUF:I->O                 4.909          parity_error_OBUF (parity_error)
    ----------------------------------------
    Total                      9.044ns (6.493ns logic, 2.551ns route)
                                       (71.8% logic, 28.2% route)

=========================================================================
Timing constraint: Default OFFSET OUT AFTER for Clock 'fsm1/check_stop'
  Total number of paths / destination ports: 1 / 1
-------------------------------------------------------------------------
Offset:              6.141ns (Levels of Logic = 1)
  Source:            s1/stop_error (LATCH)
  Destination:       stop_error (PAD)
  Source Clock:      fsm1/check_stop falling

  Data Path: s1/stop_error to stop_error
                                Gate     Net
    Cell:in->out      fanout   Delay   Delay  Logical Name (Net Name)
    ----------------------------------------  ------------
     LD:G->Q               1   0.551   0.681  s1/stop_error (s1/stop_error)
     OBUF:I->O                 4.909          stop_error_OBUF (stop_error)
    ----------------------------------------
    Total                      6.141ns (5.460ns logic, 0.681ns route)
                                       (88.9% logic, 11.1% route)

=========================================================================
Timing constraint: Default path analysis
  Total number of paths / destination ports: 1 / 1
-------------------------------------------------------------------------
Delay:               7.904ns (Levels of Logic = 3)
  Source:            serial_in (PAD)
  Destination:       parity_error (PAD)

  Data Path: serial_in to parity_error
                                Gate     Net
    Cell:in->out      fanout   Delay   Delay  Logical Name (Net Name)
    ----------------------------------------  ------------
     IBUF:I->O            12   0.715   1.120  serial_in_IBUF (serial_in_IBUF)
     LUT4:I1->O            1   0.479   0.681  parity_error1 (parity_error_OBUF)
     OBUF:I->O                 4.909          parity_error_OBUF (parity_error)
    ----------------------------------------
    Total                      7.904ns (6.103ns logic, 1.801ns route)
                                       (77.2% logic, 22.8% route)

=========================================================================


Total REAL time to Xst completion: 3.00 secs
Total CPU time to Xst completion: 3.08 secs
 
--> 

Total memory usage is 4506656 kilobytes

Number of errors   :    0 (   0 filtered)
Number of warnings :    6 (   0 filtered)
Number of infos    :    2 (   0 filtered)

