Release 14.7 - xst P.20131013 (nt64)
Copyright (c) 1995-2013 Xilinx, Inc.  All rights reserved.
--> Parameter TMPDIR set to xst/projnav.tmp


Total REAL time to Xst completion: 0.00 secs
Total CPU time to Xst completion: 0.10 secs
 
--> Parameter xsthdpdir set to xst


Total REAL time to Xst completion: 0.00 secs
Total CPU time to Xst completion: 0.10 secs
 
--> Reading design: uart_transmitter.prj

TABLE OF CONTENTS
  1) Synthesis Options Summary
  2) HDL Compilation
  3) Design Hierarchy Analysis
  4) HDL Analysis
  5) HDL Synthesis
     5.1) HDL Synthesis Report
  6) Advanced HDL Synthesis
     6.1) Advanced HDL Synthesis Report
  7) Low Level Synthesis
  8) Partition Report
  9) Final Report
	9.1) Device utilization summary
	9.2) Partition Resource Summary
	9.3) TIMING REPORT


=========================================================================
*                      Synthesis Options Summary                        *
=========================================================================
---- Source Parameters
Input File Name                    : "uart_transmitter.prj"
Input Format                       : mixed
Ignore Synthesis Constraint File   : NO

---- Target Parameters
Output File Name                   : "uart_transmitter"
Output Format                      : NGC
Target Device                      : xc3s200-5-pq208

---- Source Options
Top Module Name                    : uart_transmitter
Automatic FSM Extraction           : YES
FSM Encoding Algorithm             : Auto
Safe Implementation                : No
FSM Style                          : LUT
RAM Extraction                     : Yes
RAM Style                          : Auto
ROM Extraction                     : Yes
Mux Style                          : Auto
Decoder Extraction                 : YES
Priority Encoder Extraction        : Yes
Shift Register Extraction          : YES
Logical Shifter Extraction         : YES
XOR Collapsing                     : YES
ROM Style                          : Auto
Mux Extraction                     : Yes
Resource Sharing                   : YES
Asynchronous To Synchronous        : NO
Multiplier Style                   : Auto
Automatic Register Balancing       : No

---- Target Options
Add IO Buffers                     : YES
Global Maximum Fanout              : 100000
Add Generic Clock Buffer(BUFG)     : 8
Register Duplication               : YES
Slice Packing                      : YES
Optimize Instantiated Primitives   : NO
Use Clock Enable                   : Yes
Use Synchronous Set                : Yes
Use Synchronous Reset              : Yes
Pack IO Registers into IOBs        : Auto
Equivalent register Removal        : YES

---- General Options
Optimization Goal                  : Speed
Optimization Effort                : 1
Keep Hierarchy                     : No
Netlist Hierarchy                  : As_Optimized
RTL Output                         : Yes
Global Optimization                : AllClockNets
Read Cores                         : YES
Write Timing Constraints           : NO
Cross Clock Analysis               : NO
Hierarchy Separator                : /
Bus Delimiter                      : <>
Case Specifier                     : Maintain
Slice Utilization Ratio            : 100
BRAM Utilization Ratio             : 100
Verilog 2001                       : YES
Auto BRAM Packing                  : NO
Slice Utilization Ratio Delta      : 5

=========================================================================


=========================================================================
*                          HDL Compilation                              *
=========================================================================
Compiling verilog file "transmitter.v" in library work
Module <uart_transmitter> compiled
Module <piso_8bit> compiled
Module <parity_gen> compiled
Module <mux_4x1> compiled
Module <fsm_transmitter> compiled
No errors in compilation
Analysis of file <"uart_transmitter.prj"> succeeded.
 

=========================================================================
*                     Design Hierarchy Analysis                         *
=========================================================================
Analyzing hierarchy for module <uart_transmitter> in library <work>.

Analyzing hierarchy for module <fsm_transmitter> in library <work> with parameters.
	DATA = "010"
	IDLE = "000"
	PARITY = "011"
	START = "001"
	STOP = "100"

Analyzing hierarchy for module <piso_8bit> in library <work>.

Analyzing hierarchy for module <parity_gen> in library <work>.

Analyzing hierarchy for module <mux_4x1> in library <work>.


=========================================================================
*                            HDL Analysis                               *
=========================================================================
Analyzing top module <uart_transmitter>.
Module <uart_transmitter> is correct for synthesis.
 
Analyzing module <fsm_transmitter> in library <work>.
	DATA = 3'b010
	IDLE = 3'b000
	PARITY = 3'b011
	START = 3'b001
	STOP = 3'b100
Module <fsm_transmitter> is correct for synthesis.
 
Analyzing module <piso_8bit> in library <work>.
Module <piso_8bit> is correct for synthesis.
 
Analyzing module <parity_gen> in library <work>.
Module <parity_gen> is correct for synthesis.
 
Analyzing module <mux_4x1> in library <work>.
Module <mux_4x1> is correct for synthesis.
 

=========================================================================
*                           HDL Synthesis                               *
=========================================================================

Performing bidirectional port resolution...

Synthesizing Unit <fsm_transmitter>.
    Related source file is "transmitter.v".
    Using one-hot encoding for signal <state>.
    Using one-hot encoding for signal <next>.
    Found 1-bit register for signal <busy>.
    Found 1-bit register for signal <load>.
    Found 2-bit register for signal <sel>.
    Found 4-bit register for signal <count>.
    Found 4-bit adder for signal <count$addsub0000> created at line 123.
    Found 5-bit register for signal <next>.
    Found 4-bit comparator less for signal <next$cmp_lt0000> created at line 121.
    Found 5-bit register for signal <state>.
    Summary:
	inferred  18 D-type flip-flop(s).
	inferred   1 Adder/Subtractor(s).
	inferred   1 Comparator(s).
Unit <fsm_transmitter> synthesized.


Synthesizing Unit <piso_8bit>.
    Related source file is "transmitter.v".
    Found 1-bit register for signal <serial_out>.
    Found 8-bit register for signal <internal_reg>.
    Summary:
	inferred   9 D-type flip-flop(s).
Unit <piso_8bit> synthesized.


Synthesizing Unit <parity_gen>.
    Related source file is "transmitter.v".
WARNING:Xst:1780 - Signal <w<6>> is never used or assigned. This unconnected signal will be trimmed during the optimization process.
    Found 1-bit xor2 for signal <parity>.
    Found 6-bit xor2 for signal <w<5:0>>.
Unit <parity_gen> synthesized.


Synthesizing Unit <mux_4x1>.
    Related source file is "transmitter.v".
    Summary:
	inferred   1 Multiplexer(s).
Unit <mux_4x1> synthesized.


Synthesizing Unit <uart_transmitter>.
    Related source file is "transmitter.v".
Unit <uart_transmitter> synthesized.


=========================================================================
HDL Synthesis Report

Macro Statistics
# Adders/Subtractors                                   : 1
 4-bit adder                                           : 1
# Registers                                            : 8
 1-bit register                                        : 3
 2-bit register                                        : 1
 4-bit register                                        : 1
 5-bit register                                        : 2
 8-bit register                                        : 1
# Comparators                                          : 1
 4-bit comparator less                                 : 1
# Multiplexers                                         : 1
 1-bit 4-to-1 multiplexer                              : 1
# Xors                                                 : 7
 1-bit xor2                                            : 7

=========================================================================

=========================================================================
*                       Advanced HDL Synthesis                          *
=========================================================================


=========================================================================
Advanced HDL Synthesis Report

Macro Statistics
# Adders/Subtractors                                   : 1
 4-bit adder                                           : 1
# Registers                                            : 27
 Flip-Flops                                            : 27
# Comparators                                          : 1
 4-bit comparator less                                 : 1
# Multiplexers                                         : 1
 1-bit 4-to-1 multiplexer                              : 1
# Xors                                                 : 7
 1-bit xor2                                            : 7

=========================================================================

=========================================================================
*                         Low Level Synthesis                           *
=========================================================================

Optimizing unit <uart_transmitter> ...
WARNING:Xst:1710 - FF/Latch <f1/count_3> (without init value) has a constant value of 0 in block <uart_transmitter>. This FF/Latch will be trimmed during the optimization process.
WARNING:Xst:1710 - FF/Latch <f1/count_3> (without init value) has a constant value of 0 in block <uart_transmitter>. This FF/Latch will be trimmed during the optimization process.
WARNING:Xst:1710 - FF/Latch <f1/count_3> (without init value) has a constant value of 0 in block <uart_transmitter>. This FF/Latch will be trimmed during the optimization process.
WARNING:Xst:1710 - FF/Latch <f1/count_3> (without init value) has a constant value of 0 in block <uart_transmitter>. This FF/Latch will be trimmed during the optimization process.

Optimizing unit <piso_8bit> ...

Mapping all equations...
Building and optimizing final netlist ...
Found area constraint ratio of 100 (+ 5) on block uart_transmitter, actual ratio is 0.

Final Macro Processing ...

=========================================================================
Final Register Report

Macro Statistics
# Registers                                            : 26
 Flip-Flops                                            : 26

=========================================================================

=========================================================================
*                           Partition Report                            *
=========================================================================

Partition Implementation Status
-------------------------------

  No Partitions were found in this design.

-------------------------------

=========================================================================
*                            Final Report                               *
=========================================================================
Final Results
RTL Top Level Output File Name     : uart_transmitter.ngr
Top Level Output File Name         : uart_transmitter
Output Format                      : NGC
Optimization Goal                  : Speed
Keep Hierarchy                     : No

Design Statistics
# IOs                              : 12

Cell Usage :
# BELS                             : 33
#      INV                         : 2
#      LUT2                        : 9
#      LUT2_L                      : 2
#      LUT3                        : 7
#      LUT3_L                      : 1
#      LUT4                        : 11
#      MUXF5                       : 1
# FlipFlops/Latches                : 26
#      FD                          : 18
#      FDE                         : 1
#      FDS                         : 7
# Clock Buffers                    : 1
#      BUFGP                       : 1
# IO Buffers                       : 11
#      IBUF                        : 9
#      OBUF                        : 2
=========================================================================

Device utilization summary:
---------------------------

Selected Device : 3s200pq208-5 

 Number of Slices:                       17  out of   1920     0%  
 Number of Slice Flip Flops:             26  out of   3840     0%  
 Number of 4 input LUTs:                 32  out of   3840     0%  
 Number of IOs:                          12
 Number of bonded IOBs:                  12  out of    141     8%  
 Number of GCLKs:                         1  out of      8    12%  

---------------------------
Partition Resource Summary:
---------------------------

  No Partitions were found in this design.

---------------------------


=========================================================================
TIMING REPORT

NOTE: THESE TIMING NUMBERS ARE ONLY A SYNTHESIS ESTIMATE.
      FOR ACCURATE TIMING INFORMATION PLEASE REFER TO THE TRACE REPORT
      GENERATED AFTER PLACE-and-ROUTE.

Clock Information:
------------------
-----------------------------------+------------------------+-------+
Clock Signal                       | Clock buffer(FF name)  | Load  |
-----------------------------------+------------------------+-------+
clk                                | BUFGP                  | 26    |
-----------------------------------+------------------------+-------+

Asynchronous Control Signals Information:
----------------------------------------
No asynchronous control signals found in this design

Timing Summary:
---------------
Speed Grade: -5

   Minimum period: 3.274ns (Maximum Frequency: 305.460MHz)
   Minimum input arrival time before clock: 2.957ns
   Maximum output required time after clock: 7.671ns
   Maximum combinational path delay: 10.677ns

Timing Detail:
--------------
All values displayed in nanoseconds (ns)

=========================================================================
Timing constraint: Default period analysis for Clock 'clk'
  Clock period: 3.274ns (frequency: 305.460MHz)
  Total number of paths / destination ports: 67 / 33
-------------------------------------------------------------------------
Delay:               3.274ns (Levels of Logic = 1)
  Source:            f1/load (FF)
  Destination:       p1/serial_out (FF)
  Source Clock:      clk rising
  Destination Clock: clk rising

  Data Path: f1/load to p1/serial_out
                                Gate     Net
    Cell:in->out      fanout   Delay   Delay  Logical Name (Net Name)
    ----------------------------------------  ------------
     FDS:C->Q             10   0.626   0.964  f1/load (f1/load)
     INV:I->O              1   0.479   0.681  p1/load_inv1_INV_0 (p1/load_inv)
     FDE:CE                    0.524          p1/serial_out
    ----------------------------------------
    Total                      3.274ns (1.629ns logic, 1.645ns route)
                                       (49.8% logic, 50.2% route)

=========================================================================
Timing constraint: Default OFFSET IN BEFORE for Clock 'clk'
  Total number of paths / destination ports: 15 / 15
-------------------------------------------------------------------------
Offset:              2.957ns (Levels of Logic = 2)
  Source:            tx_start (PAD)
  Destination:       f1/state_0 (FF)
  Destination Clock: clk rising

  Data Path: tx_start to f1/state_0
                                Gate     Net
    Cell:in->out      fanout   Delay   Delay  Logical Name (Net Name)
    ----------------------------------------  ------------
     IBUF:I->O             7   0.715   0.906  tx_start_IBUF (tx_start_IBUF)
     INV:I->O              1   0.479   0.681  f1/next<0>11_INV_0 (f1/next<0>11)
     FDS:D                     0.176          f1/state_0
    ----------------------------------------
    Total                      2.957ns (1.370ns logic, 1.587ns route)
                                       (46.3% logic, 53.7% route)

=========================================================================
Timing constraint: Default OFFSET OUT AFTER for Clock 'clk'
  Total number of paths / destination ports: 4 / 2
-------------------------------------------------------------------------
Offset:              7.671ns (Levels of Logic = 2)
  Source:            f1/sel_1 (FF)
  Destination:       data_out (PAD)
  Source Clock:      clk rising

  Data Path: f1/sel_1 to data_out
                                Gate     Net
    Cell:in->out      fanout   Delay   Delay  Logical Name (Net Name)
    ----------------------------------------  ------------
     FDS:C->Q              1   0.626   0.976  f1/sel_1 (f1/sel_1)
     LUT4:I0->O            1   0.479   0.681  m1/Mmux__COND_11 (data_out_OBUF)
     OBUF:I->O                 4.909          data_out_OBUF (data_out)
    ----------------------------------------
    Total                      7.671ns (6.014ns logic, 1.657ns route)
                                       (78.4% logic, 21.6% route)

=========================================================================
Timing constraint: Default path analysis
  Total number of paths / destination ports: 12 / 1
-------------------------------------------------------------------------
Delay:               10.677ns (Levels of Logic = 6)
  Source:            data_in<0> (PAD)
  Destination:       data_out (PAD)

  Data Path: data_in<0> to data_out
                                Gate     Net
    Cell:in->out      fanout   Delay   Delay  Logical Name (Net Name)
    ----------------------------------------  ------------
     IBUF:I->O             3   0.715   1.066  data_in_0_IBUF (data_in_0_IBUF)
     LUT4:I0->O            1   0.479   0.000  parity1/Mxor_w<3>_Result11 (parity1/Mxor_w<3>_Result1)
     MUXF5:I1->O           1   0.314   0.704  parity1/Mxor_w<3>_Result1_f5 (parity1/w<3>)
     LUT4:I3->O            1   0.479   0.851  m1/Mmux__COND_11_SW0 (N23)
     LUT4:I1->O            1   0.479   0.681  m1/Mmux__COND_11 (data_out_OBUF)
     OBUF:I->O                 4.909          data_out_OBUF (data_out)
    ----------------------------------------
    Total                     10.677ns (7.375ns logic, 3.302ns route)
                                       (69.1% logic, 30.9% route)

=========================================================================


Total REAL time to Xst completion: 4.00 secs
Total CPU time to Xst completion: 3.29 secs
 
--> 

Total memory usage is 4506656 kilobytes

Number of errors   :    0 (   0 filtered)
Number of warnings :    5 (   0 filtered)
Number of infos    :    0 (   0 filtered)

