Command line:
   tb_sipo_isim_beh.exe
     -simmode  gui
     -simrunnum  0
     -socket  55743

Thu Mar 25 19:56:30 2021


 Elaboration Time: 0.03125 sec

 Current Memory Usage: 5159.97 Meg

 Total Signals          : 18
 Total Nets             : 24
 Total Signal Drivers   : 9
 Total Blocks           : 3
 Total Primitive Blocks : 2
 Total Processes        : 13
 Total Traceable Variables  : 22
 Total Scalar Nets and Variables : 115
Total Line Count : 34

 Total Simulation Time: 1.92188 sec

 Current Memory Usage: 5002.69 Meg

Thu Mar 25 19:57:45 2021

